2012/06/16 02:37:46 [error] [php] date(): It is not safe to rely on the system's timezone settings. You are *required* to use the date.timezone setting or the date_default_timezone_set() function. In case you used any of those methods and you are still getting this warning, you most likely misspelled the timezone identifier. We selected the timezone 'UTC' for now, but please set date.timezone to select your timezone. (D:\Witness\web\protected\views\layouts\main.php:50)
Stack trace:
#0 D:\Witness\yii-1.1.10.r3566\framework\web\CBaseController.php(96): SiteController->renderInternal()
#1 D:\Witness\yii-1.1.10.r3566\framework\web\widgets\CContentDecorator.php(77): SiteController->renderFile()
#2 D:\Witness\yii-1.1.10.r3566\framework\web\widgets\CContentDecorator.php(55): CContentDecorator->decorate()
#3 D:\Witness\yii-1.1.10.r3566\framework\web\widgets\COutputProcessor.php(45): CContentDecorator->processOutput()
#4 D:\Witness\yii-1.1.10.r3566\framework\web\CBaseController.php(207): CContentDecorator->run()
#5 D:\Witness\yii-1.1.10.r3566\framework\web\CBaseController.php(301): SiteController->endWidget()
#6 D:\Witness\web\protected\views\layouts\column1.php(5): SiteController->endContent()
#7 D:\Witness\yii-1.1.10.r3566\framework\web\CBaseController.php(127): require()
#8 D:\Witness\yii-1.1.10.r3566\framework\web\CBaseController.php(96): SiteController->renderInternal()
#9 D:\Witness\yii-1.1.10.r3566\framework\web\CController.php(785): SiteController->renderFile()
#10 D:\Witness\web\protected\controllers\SiteController.php(32): SiteController->render()
#11 D:\Witness\yii-1.1.10.r3566\framework\web\actions\CInlineAction.php(50): SiteController->actionIndex()
#12 D:\Witness\yii-1.1.10.r3566\framework\web\CController.php(309): CInlineAction->runWithParams()
#13 D:\Witness\yii-1.1.10.r3566\framework\web\CController.php(287): SiteController->runAction()
#14 D:\Witness\yii-1.1.10.r3566\framework\web\CController.php(266): SiteController->runActionWithFilters()
#15 D:\Witness\yii-1.1.10.r3566\framework\web\CWebApplication.php(276): SiteController->run()
#16 D:\Witness\yii-1.1.10.r3566\framework\web\CWebApplication.php(135): CWebApplication->runController()
#17 D:\Witness\yii-1.1.10.r3566\framework\base\CApplication.php(162): CWebApplication->processRequest()
#18 D:\Witness\web\index.php(13): CWebApplication->run()
REQUEST_URI=/index.php
in D:\Witness\web\protected\views\layouts\main.php (50)
in D:\Witness\web\protected\views\layouts\column1.php (5)
in D:\Witness\web\protected\controllers\SiteController.php (32)
2012/06/16 02:38:04 [error] [php] date(): It is not safe to rely on the system's timezone settings. You are *required* to use the date.timezone setting or the date_default_timezone_set() function. In case you used any of those methods and you are still getting this warning, you most likely misspelled the timezone identifier. We selected the timezone 'UTC' for now, but please set date.timezone to select your timezone. (D:\Witness\web\protected\views\layouts\main.php:50)
Stack trace:
#0 D:\Witness\yii-1.1.10.r3566\framework\web\CBaseController.php(96): SiteController->renderInternal()
#1 D:\Witness\yii-1.1.10.r3566\framework\web\widgets\CContentDecorator.php(77): SiteController->renderFile()
#2 D:\Witness\yii-1.1.10.r3566\framework\web\widgets\CContentDecorator.php(55): CContentDecorator->decorate()
#3 D:\Witness\yii-1.1.10.r3566\framework\web\widgets\COutputProcessor.php(45): CContentDecorator->processOutput()
#4 D:\Witness\yii-1.1.10.r3566\framework\web\CBaseController.php(207): CContentDecorator->run()
#5 D:\Witness\yii-1.1.10.r3566\framework\web\CBaseController.php(301): SiteController->endWidget()
#6 D:\Witness\web\protected\views\layouts\column1.php(5): SiteController->endContent()
#7 D:\Witness\yii-1.1.10.r3566\framework\web\CBaseController.php(127): require()
#8 D:\Witness\yii-1.1.10.r3566\framework\web\CBaseController.php(96): SiteController->renderInternal()
#9 D:\Witness\yii-1.1.10.r3566\framework\web\CController.php(785): SiteController->renderFile()
#10 D:\Witness\web\protected\controllers\SiteController.php(32): SiteController->render()
#11 D:\Witness\yii-1.1.10.r3566\framework\web\actions\CInlineAction.php(50): SiteController->actionIndex()
#12 D:\Witness\yii-1.1.10.r3566\framework\web\CController.php(309): CInlineAction->runWithParams()
#13 D:\Witness\yii-1.1.10.r3566\framework\web\CController.php(287): SiteController->runAction()
#14 D:\Witness\yii-1.1.10.r3566\framework\web\CController.php(266): SiteController->runActionWithFilters()
#15 D:\Witness\yii-1.1.10.r3566\framework\web\CWebApplication.php(276): SiteController->run()
#16 D:\Witness\yii-1.1.10.r3566\framework\web\CWebApplication.php(135): CWebApplication->runController()
#17 D:\Witness\yii-1.1.10.r3566\framework\base\CApplication.php(162): CWebApplication->processRequest()
#18 D:\Witness\web\index-test.php(15): CWebApplication->run()
REQUEST_URI=/index-test.php
2012/06/16 02:45:35 [error] [php] date(): It is not safe to rely on the system's timezone settings. You are *required* to use the date.timezone setting or the date_default_timezone_set() function. In case you used any of those methods and you are still getting this warning, you most likely misspelled the timezone identifier. We selected the timezone 'UTC' for now, but please set date.timezone to select your timezone. (D:\Witness\web\protected\views\layouts\main.php:50)
Stack trace:
#0 D:\Witness\yii-1.1.10.r3566\framework\web\CBaseController.php(96): SiteController->renderInternal()
#1 D:\Witness\yii-1.1.10.r3566\framework\web\widgets\CContentDecorator.php(77): SiteController->renderFile()
#2 D:\Witness\yii-1.1.10.r3566\framework\web\widgets\CContentDecorator.php(55): CContentDecorator->decorate()
#3 D:\Witness\yii-1.1.10.r3566\framework\web\widgets\COutputProcessor.php(45): CContentDecorator->processOutput()
#4 D:\Witness\yii-1.1.10.r3566\framework\web\CBaseController.php(207): CContentDecorator->run()
#5 D:\Witness\yii-1.1.10.r3566\framework\web\CBaseController.php(301): SiteController->endWidget()
#6 D:\Witness\web\protected\views\layouts\column1.php(5): SiteController->endContent()
#7 D:\Witness\yii-1.1.10.r3566\framework\web\CBaseController.php(127): require()
#8 D:\Witness\yii-1.1.10.r3566\framework\web\CBaseController.php(96): SiteController->renderInternal()
#9 D:\Witness\yii-1.1.10.r3566\framework\web\CController.php(785): SiteController->renderFile()
#10 D:\Witness\web\protected\controllers\SiteController.php(32): SiteController->render()
#11 D:\Witness\yii-1.1.10.r3566\framework\web\actions\CInlineAction.php(50): SiteController->actionIndex()
#12 D:\Witness\yii-1.1.10.r3566\framework\web\CController.php(309): CInlineAction->runWithParams()
#13 D:\Witness\yii-1.1.10.r3566\framework\web\CController.php(287): SiteController->runAction()
#14 D:\Witness\yii-1.1.10.r3566\framework\web\CController.php(266): SiteController->runActionWithFilters()
#15 D:\Witness\yii-1.1.10.r3566\framework\web\CWebApplication.php(276): SiteController->run()
#16 D:\Witness\yii-1.1.10.r3566\framework\web\CWebApplication.php(135): CWebApplication->runController()
#17 D:\Witness\yii-1.1.10.r3566\framework\base\CApplication.php(162): CWebApplication->processRequest()
#18 D:\Witness\web\index.php(13): CWebApplication->run()
REQUEST_URI=/index.php
in D:\Witness\web\protected\views\layouts\main.php (50)
in D:\Witness\web\protected\views\layouts\column1.php (5)
in D:\Witness\web\protected\controllers\SiteController.php (32)
2012/06/16 03:03:14 [error] [php] mail(): Failed to connect to mailserver at &quot;localhost&quot; port 25, verify your &quot;SMTP&quot; and &quot;smtp_port&quot; setting in php.ini or use ini_set() (D:\Witness\web\protected\controllers\SiteController.php:61)
Stack trace:
#0 D:\Witness\yii-1.1.10.r3566\framework\web\CController.php(309): CInlineAction->runWithParams()
#1 D:\Witness\yii-1.1.10.r3566\framework\web\CController.php(287): SiteController->runAction()
#2 D:\Witness\yii-1.1.10.r3566\framework\web\CController.php(266): SiteController->runActionWithFilters()
#3 D:\Witness\yii-1.1.10.r3566\framework\web\CWebApplication.php(276): SiteController->run()
#4 D:\Witness\yii-1.1.10.r3566\framework\web\CWebApplication.php(135): CWebApplication->runController()
#5 D:\Witness\yii-1.1.10.r3566\framework\base\CApplication.php(162): CWebApplication->processRequest()
#6 D:\Witness\web\index.php(13): CWebApplication->run()
REQUEST_URI=/index.php?r=site/contact
in D:\Witness\web\protected\controllers\SiteController.php (61)
in D:\Witness\web\index.php (13)
